<?xml version="1.0" encoding="UTF-8"?>
<testng-results skipped="0" failed="0" total="0" passed="0">
  <reporter-output>
  </reporter-output>
  <suite name="FlipkartProject.FlipkartValidation.AppTest" duration-ms="16" started-at="2022-03-11T17:15:16Z" finished-at="2022-03-11T17:15:16Z">
    <groups>
    </groups>
    <test name="Command line test" duration-ms="16" started-at="2022-03-11T17:15:16Z" finished-at="2022-03-11T17:15:16Z">
    </test> <!-- Command line test -->
  </suite> <!-- FlipkartProject.FlipkartValidation.AppTest -->
</testng-results>
